{"uid":"4b4757e66a1912dae1a509f688f20b0f","children":[{"name":"Product defects","children":[{"name":"Element not found {by tag: button; by text: Удалить}\nExpected: visible\nScreenshot: file:/home/runner/work/tms_automation/tms_automation/build/reports/tests/1690192906375.0.png\nPage source: file:/home/runner/work/tms_automation/tms_automation/build/reports/tests/1690192906375.0.html\nTimeout: 4 s.\nCaused by: NoSuchElementException: no such element: Unable to locate element: {\"method\":\"xpath\",\"selector\":\".//button/text()[normalize-space(translate(string(.), '","children":[{"name":"Тестироване создания новой сущности 'MILESTONE'","uid":"9b2ec830dfa82053","parentUid":"bcc2e64f542f3b4cd4ba4538aab1a2ca","status":"failed","time":{"start":1690192893296,"stop":1690192906811,"duration":13515},"flaky":false,"newFailed":false,"newPassed":false,"newBroken":false,"retriesCount":0,"retriesStatusChange":false,"parameters":[]}],"uid":"bcc2e64f542f3b4cd4ba4538aab1a2ca"},{"name":"Element not found {by tag: button; by text: Удалить}\nExpected: visible\nScreenshot: file:/home/runner/work/tms_automation/tms_automation/build/reports/tests/1690192917514.1.png\nPage source: file:/home/runner/work/tms_automation/tms_automation/build/reports/tests/1690192917514.1.html\nTimeout: 4 s.\nCaused by: NoSuchElementException: no such element: Unable to locate element: {\"method\":\"xpath\",\"selector\":\".//button/text()[normalize-space(translate(string(.), '","children":[{"name":"Тестироване создания новой сущности 'TEST_CASE'","uid":"70b43f75c0708f2b","parentUid":"f10ade3e0e10a54b5f541996044ef806","status":"failed","time":{"start":1690192907011,"stop":1690192917910,"duration":10899},"flaky":true,"newFailed":true,"newPassed":false,"newBroken":false,"retriesCount":0,"retriesStatusChange":false,"parameters":[]}],"uid":"f10ade3e0e10a54b5f541996044ef806"},{"name":"Element not found {by tag: button; by text: Удалить}\nExpected: visible\nScreenshot: file:/home/runner/work/tms_automation/tms_automation/build/reports/tests/1690192928854.2.png\nPage source: file:/home/runner/work/tms_automation/tms_automation/build/reports/tests/1690192928854.2.html\nTimeout: 4 s.\nCaused by: NoSuchElementException: no such element: Unable to locate element: {\"method\":\"xpath\",\"selector\":\".//button/text()[normalize-space(translate(string(.), '","children":[{"name":"Тестироване создания новой сущности 'TEST_PLAN'","uid":"dc6040992d6bee97","parentUid":"88303552973fbc4d5d0a6f95becb83f9","status":"failed","time":{"start":1690192917967,"stop":1690192929222,"duration":11255},"flaky":false,"newFailed":false,"newPassed":false,"newBroken":false,"retriesCount":0,"retriesStatusChange":false,"parameters":[]}],"uid":"88303552973fbc4d5d0a6f95becb83f9"}],"uid":"8fb3a91ba5aaf9de24cc8a92edc82b5d"}],"name":"categories"}