{"uid":"4b4757e66a1912dae1a509f688f20b0f","children":[{"name":"Product defects","children":[{"name":"Element not found {by tag: button; by text: Удалить}\nExpected: visible\nScreenshot: file:/home/runner/work/tms_automation/tms_automation/build/reports/tests/1690119520138.0.png\nPage source: file:/home/runner/work/tms_automation/tms_automation/build/reports/tests/1690119520138.0.html\nTimeout: 4 s.\nCaused by: NoSuchElementException: no such element: Unable to locate element: {\"method\":\"xpath\",\"selector\":\".//button/text()[normalize-space(translate(string(.), '","children":[{"name":"Тестироване создания новой сущности 'MILESTONE'","uid":"370dac6e74867e73","parentUid":"4c5d121d1d8055a6b6b0389cb7ae6279","status":"failed","time":{"start":1690119506931,"stop":1690119520493,"duration":13562},"flaky":false,"newFailed":false,"newPassed":false,"newBroken":false,"retriesCount":0,"retriesStatusChange":false,"parameters":[]}],"uid":"4c5d121d1d8055a6b6b0389cb7ae6279"},{"name":"Element not found {by tag: button; by text: Удалить}\nExpected: visible\nScreenshot: file:/home/runner/work/tms_automation/tms_automation/build/reports/tests/1690119531831.1.png\nPage source: file:/home/runner/work/tms_automation/tms_automation/build/reports/tests/1690119531831.1.html\nTimeout: 4 s.\nCaused by: NoSuchElementException: no such element: Unable to locate element: {\"method\":\"xpath\",\"selector\":\".//button/text()[normalize-space(translate(string(.), '","children":[{"name":"Тестироване создания новой сущности 'TEST_CASE'","uid":"b7d7e34afd2fc9a2","parentUid":"58ea575280d5ee8cdb567e327c5d922b","status":"failed","time":{"start":1690119520689,"stop":1690119532154,"duration":11465},"flaky":false,"newFailed":false,"newPassed":false,"newBroken":false,"retriesCount":0,"retriesStatusChange":false,"parameters":[]}],"uid":"58ea575280d5ee8cdb567e327c5d922b"},{"name":"Element not found {by tag: button; by text: Удалить}\nExpected: visible\nScreenshot: file:/home/runner/work/tms_automation/tms_automation/build/reports/tests/1690119543648.2.png\nPage source: file:/home/runner/work/tms_automation/tms_automation/build/reports/tests/1690119543648.2.html\nTimeout: 4 s.\nCaused by: NoSuchElementException: no such element: Unable to locate element: {\"method\":\"xpath\",\"selector\":\".//button/text()[normalize-space(translate(string(.), '","children":[{"name":"Тестироване создания новой сущности 'TEST_PLAN'","uid":"af85e6e184f4a8de","parentUid":"701842560806e18b36db95af9b46de66","status":"failed","time":{"start":1690119532245,"stop":1690119543958,"duration":11713},"flaky":false,"newFailed":false,"newPassed":false,"newBroken":false,"retriesCount":0,"retriesStatusChange":false,"parameters":[]}],"uid":"701842560806e18b36db95af9b46de66"}],"uid":"8fb3a91ba5aaf9de24cc8a92edc82b5d"}],"name":"categories"}