{"uid":"4b4757e66a1912dae1a509f688f20b0f","children":[{"name":"Product defects","children":[{"name":"Element not found {by tag: button; by text: Удалить}\nExpected: visible\nScreenshot: file:/home/runner/work/tms_automation/tms_automation/build/reports/tests/1690120634651.0.png\nPage source: file:/home/runner/work/tms_automation/tms_automation/build/reports/tests/1690120634651.0.html\nTimeout: 4 s.\nCaused by: NoSuchElementException: no such element: Unable to locate element: {\"method\":\"xpath\",\"selector\":\".//button/text()[normalize-space(translate(string(.), '","children":[{"name":"Тестироване создания новой сущности 'MILESTONE'","uid":"a62ef23a59bec7ba","parentUid":"0423d9fd3d5e5dad36b6141ef26b0c5b","status":"failed","time":{"start":1690120620601,"stop":1690120635053,"duration":14452},"flaky":false,"newFailed":false,"newPassed":false,"newBroken":false,"retriesCount":0,"retriesStatusChange":false,"parameters":[]}],"uid":"0423d9fd3d5e5dad36b6141ef26b0c5b"},{"name":"Element not found {by tag: button; by text: Удалить}\nExpected: visible\nScreenshot: file:/home/runner/work/tms_automation/tms_automation/build/reports/tests/1690120646716.1.png\nPage source: file:/home/runner/work/tms_automation/tms_automation/build/reports/tests/1690120646716.1.html\nTimeout: 4 s.\nCaused by: NoSuchElementException: no such element: Unable to locate element: {\"method\":\"xpath\",\"selector\":\".//button/text()[normalize-space(translate(string(.), '","children":[{"name":"Тестироване создания новой сущности 'TEST_CASE'","uid":"22d7a8ef838ac898","parentUid":"b78e3c80c0ffc9d6e6ed9f2aad4ba4cd","status":"failed","time":{"start":1690120635262,"stop":1690120647082,"duration":11820},"flaky":false,"newFailed":false,"newPassed":false,"newBroken":false,"retriesCount":0,"retriesStatusChange":false,"parameters":[]}],"uid":"b78e3c80c0ffc9d6e6ed9f2aad4ba4cd"},{"name":"Element not found {by tag: button; by text: Удалить}\nExpected: visible\nScreenshot: file:/home/runner/work/tms_automation/tms_automation/build/reports/tests/1690120659186.2.png\nPage source: file:/home/runner/work/tms_automation/tms_automation/build/reports/tests/1690120659186.2.html\nTimeout: 4 s.\nCaused by: NoSuchElementException: no such element: Unable to locate element: {\"method\":\"xpath\",\"selector\":\".//button/text()[normalize-space(translate(string(.), '","children":[{"name":"Тестироване создания новой сущности 'TEST_PLAN'","uid":"d43a55a5444b44f1","parentUid":"eb52bce5acb2c9842c0aafa43450505c","status":"failed","time":{"start":1690120647175,"stop":1690120659545,"duration":12370},"flaky":false,"newFailed":false,"newPassed":false,"newBroken":false,"retriesCount":0,"retriesStatusChange":false,"parameters":[]}],"uid":"eb52bce5acb2c9842c0aafa43450505c"}],"uid":"8fb3a91ba5aaf9de24cc8a92edc82b5d"}],"name":"categories"}