{"uid":"4b4757e66a1912dae1a509f688f20b0f","children":[{"name":"Product defects","children":[{"name":"Element should have text \"23.07.2023 15:08\" {By.xpath: //*[@id='top-tabContent']//span[text()='Дата создания:']/..}\nElement: '<div class=\"mt-2 mb-1\" data-v-c1c5dca4>Дата создания:\n23.07.2023 18:08</div>'\nActual value: text=\"Дата создания:\n23.07.2023 18:08\"\nScreenshot: file:/home/runner/work/tms_automation/tms_automation/build/reports/tests/1690124942188.0.png\nPage source: file:/home/runner/work/tms_automation/tms_automation/build/reports/tests/1690124942188.0.html\nTimeout: 4 s.","children":[{"name":"Тестироване создания новой сущности 'MILESTONE'","uid":"d360ded234cb166","parentUid":"dcd4983c159effbe20fbf2a88dc8860c","status":"failed","time":{"start":1690124917850,"stop":1690124942667,"duration":24817},"flaky":false,"newFailed":false,"newPassed":false,"newBroken":false,"retriesCount":0,"retriesStatusChange":false,"parameters":[]}],"uid":"dcd4983c159effbe20fbf2a88dc8860c"},{"name":"Element not found {input.form-control[0]}\nExpected: visible\nScreenshot: file:/home/runner/work/tms_automation/tms_automation/build/reports/tests/1690124958528.1.png\nPage source: file:/home/runner/work/tms_automation/tms_automation/build/reports/tests/1690124958528.1.html\nTimeout: 4 s.\nCaused by: NoSuchElementException: no such element: Unable to locate element: {\"method\":\"css selector\",\"selector\":\"input.form-control\"}","children":[{"name":"Тестироване создания новой сущности 'TEST_CASE'","uid":"d97d86b99cb327a6","parentUid":"66cc94dcb3623526ec1ccfc77bd2efb8","status":"failed","time":{"start":1690124942904,"stop":1690124959007,"duration":16103},"flaky":true,"newFailed":true,"newPassed":false,"newBroken":false,"retriesCount":0,"retriesStatusChange":false,"parameters":[]}],"uid":"66cc94dcb3623526ec1ccfc77bd2efb8"},{"name":"Element not found {by tag: button; by text: Удалить}\nExpected: visible\nScreenshot: file:/home/runner/work/tms_automation/tms_automation/build/reports/tests/1690124970141.2.png\nPage source: file:/home/runner/work/tms_automation/tms_automation/build/reports/tests/1690124970141.2.html\nTimeout: 4 s.\nCaused by: NoSuchElementException: no such element: Unable to locate element: {\"method\":\"xpath\",\"selector\":\".//button/text()[normalize-space(translate(string(.), '","children":[{"name":"Тестироване создания новой сущности 'TEST_PLAN'","uid":"cfc3208d6871e8f1","parentUid":"a3b7d4cea694d6891aa8d7b1a3d6b41a","status":"failed","time":{"start":1690124959054,"stop":1690124970513,"duration":11459},"flaky":false,"newFailed":false,"newPassed":false,"newBroken":false,"retriesCount":0,"retriesStatusChange":false,"parameters":[]}],"uid":"a3b7d4cea694d6891aa8d7b1a3d6b41a"}],"uid":"8fb3a91ba5aaf9de24cc8a92edc82b5d"}],"name":"categories"}