{"2c93b8d48a103328ba309a480480a47c":{"statistic":{"failed":0,"broken":0,"skipped":0,"passed":1,"unknown":0,"total":1},"items":[{"uid":"148e3f0e3df8ce18","reportUrl":"https://mikhailbu.github.io/tms_automation/4//#testresult/148e3f0e3df8ce18","status":"passed","time":{"start":1689124025508,"stop":1689124033160,"duration":7652}}]},"6d04e2941d90be4b2319f55136e68aac":{"statistic":{"failed":0,"broken":0,"skipped":0,"passed":1,"unknown":0,"total":1},"items":[{"uid":"8709ca22991f1309","reportUrl":"https://mikhailbu.github.io/tms_automation/4//#testresult/8709ca22991f1309","status":"passed","time":{"start":1689124033244,"stop":1689124043827,"duration":10583}}]},"6e6f3b742a6b21d725ff527d1f77216d":{"statistic":{"failed":1,"broken":0,"skipped":0,"passed":0,"unknown":0,"total":1},"items":[{"uid":"4e5efc412a924848","reportUrl":"https://mikhailbu.github.io/tms_automation/4//#testresult/4e5efc412a924848","status":"failed","statusDetails":"Element should have text \"PROJECT\" {h3}\nElement: '<h3>WORK</h3>'\nActual value: text=\"WORK\"\nScreenshot: file:/home/runner/work/tms_automation/tms_automation/build/reports/tests/1689124025217.5.png\nPage source: file:/home/runner/work/tms_automation/tms_automation/build/reports/tests/1689124025217.5.html\nTimeout: 4 s.","time":{"start":1689124011464,"stop":1689124025407,"duration":13943}}]},"5e812e0be38ecae9f3632e927e2143d2":{"statistic":{"failed":1,"broken":0,"skipped":0,"passed":0,"unknown":0,"total":1},"items":[{"uid":"2bc053c744d6288","reportUrl":"https://mikhailbu.github.io/tms_automation/4//#testresult/2bc053c744d6288","status":"failed","statusDetails":"Element not found {By.xpath: //td[text()='Новый тест кейс']//ancestor-or-self::tr/td/input}\nExpected: interactable\nScreenshot: file:/home/runner/work/tms_automation/tms_automation/build/reports/tests/1689123985800.2.png\nPage source: file:/home/runner/work/tms_automation/tms_automation/build/reports/tests/1689123985800.2.html\nTimeout: 4 s.\nCaused by: NoSuchElementException: no such element: Unable to locate element: {\"method\":\"xpath\",\"selector\":\"//td[text()='Новый тест кейс']//ancestor-or-self::tr/td/input\"}","time":{"start":1689123969055,"stop":1689123985986,"duration":16931}}]},"7ee888f6fd81e3d59968716c00a001b5":{"statistic":{"failed":1,"broken":0,"skipped":0,"passed":0,"unknown":0,"total":1},"items":[{"uid":"256c90249be6fc3d","reportUrl":"https://mikhailbu.github.io/tms_automation/4//#testresult/256c90249be6fc3d","status":"failed","statusDetails":"Element not found {input[placeholder='User login']}\nExpected: editable\nScreenshot: file:/home/runner/work/tms_automation/tms_automation/build/reports/tests/1689124011167.4.png\nPage source: file:/home/runner/work/tms_automation/tms_automation/build/reports/tests/1689124011167.4.html\nTimeout: 4 s.\nCaused by: NoSuchElementException: no such element: Unable to locate element: {\"method\":\"css selector\",\"selector\":\"input[placeholder='User login']\"}","time":{"start":1689124003017,"stop":1689124011357,"duration":8340}}]},"c7ebf99e6f9674f4b2ffa2e9af581f6a":{"statistic":{"failed":1,"broken":0,"skipped":0,"passed":0,"unknown":0,"total":1},"items":[{"uid":"c417f5d735f7c0e","reportUrl":"https://mikhailbu.github.io/tms_automation/4//#testresult/c417f5d735f7c0e","status":"failed","statusDetails":"Invalid element state [by tag: button; by text: + Кейс]: element click intercepted: Element <button class=\"btn btn-outline-primary btn-sm\" title=\"Создать тест-кейс\">...</button> is not clickable at point (1762, 158). Other element would receive the click: <div class=\"modal-simple\" tabindex=\"0\" data-v-2160ca24=\"\">...</div>\nScreenshot: file:/home/runner/work/tms_automation/tms_automation/build/reports/tests/1689123968708.1.png\nPage source: file:/home/runner/work/tms_automation/tms_automation/build/reports/tests/1689123968708.1.html\nTimeout: 4 s.\nCaused by: ElementClickInterceptedException: element click intercepted: Element <button class=\"btn btn-outline-primary btn-sm\" title=\"Создать тест-кейс\">...</button> is not clickable at point (1762, 158). Other element would receive the click: <div class=\"modal-simple\" tabindex=\"0\" data-v-2160ca24=\"\">...</div>","time":{"start":1689123951401,"stop":1689123968929,"duration":17528}}]},"4b56d17f530483bdc9a77f5e1280219":{"statistic":{"failed":1,"broken":0,"skipped":0,"passed":0,"unknown":0,"total":1},"items":[{"uid":"fe1234acdf0c7c49","reportUrl":"https://mikhailbu.github.io/tms_automation/4//#testresult/fe1234acdf0c7c49","status":"failed","statusDetails":"Element should have text \"Новый Milestone\" {div.container-fluid h5}\nElement: '<h5>Новая запись</h5>'\nActual value: text=\"Новая запись\"\nScreenshot: file:/home/runner/work/tms_automation/tms_automation/build/reports/tests/1689123950878.0.png\nPage source: file:/home/runner/work/tms_automation/tms_automation/build/reports/tests/1689123950878.0.html\nTimeout: 4 s.","time":{"start":1689123931581,"stop":1689123951111,"duration":19530}}]},"d6febd8adb17b12dcb466d186bbb0a45":{"statistic":{"failed":1,"broken":0,"skipped":0,"passed":0,"unknown":0,"total":1},"items":[{"uid":"9071ca49e4a199a2","reportUrl":"https://mikhailbu.github.io/tms_automation/4//#testresult/9071ca49e4a199a2","status":"failed","statusDetails":"Element not found {By.xpath: //td[text()='Новый тест кейс']//ancestor-or-self::tr/td/input}\nExpected: interactable\nScreenshot: file:/home/runner/work/tms_automation/tms_automation/build/reports/tests/1689124002682.3.png\nPage source: file:/home/runner/work/tms_automation/tms_automation/build/reports/tests/1689124002682.3.html\nTimeout: 4 s.\nCaused by: NoSuchElementException: no such element: Unable to locate element: {\"method\":\"xpath\",\"selector\":\"//td[text()='Новый тест кейс']//ancestor-or-self::tr/td/input\"}","time":{"start":1689123986104,"stop":1689124002886,"duration":16782}}]}}