{"uid":"4b4757e66a1912dae1a509f688f20b0f","children":[{"name":"Product defects","children":[{"name":"Element not found {by tag: button; by text: Удалить}\nExpected: visible\nScreenshot: file:/home/runner/work/tms_automation/tms_automation/build/reports/tests/1690189252494.0.png\nPage source: file:/home/runner/work/tms_automation/tms_automation/build/reports/tests/1690189252494.0.html\nTimeout: 4 s.\nCaused by: NoSuchElementException: no such element: Unable to locate element: {\"method\":\"xpath\",\"selector\":\".//button/text()[normalize-space(translate(string(.), '","children":[{"name":"Тестироване создания новой сущности 'MILESTONE'","uid":"d05b63b93e374d8a","parentUid":"79555ffca98fc27d90e0a71afdd83b66","status":"failed","time":{"start":1690189239682,"stop":1690189252815,"duration":13133},"flaky":false,"newFailed":false,"newPassed":false,"newBroken":false,"retriesCount":0,"retriesStatusChange":false,"parameters":[]}],"uid":"79555ffca98fc27d90e0a71afdd83b66"},{"name":"Element not found {by tag: button; by text: Удалить}\nExpected: visible\nScreenshot: file:/home/runner/work/tms_automation/tms_automation/build/reports/tests/1690189263579.1.png\nPage source: file:/home/runner/work/tms_automation/tms_automation/build/reports/tests/1690189263579.1.html\nTimeout: 4 s.\nCaused by: NoSuchElementException: no such element: Unable to locate element: {\"method\":\"xpath\",\"selector\":\".//button/text()[normalize-space(translate(string(.), '","children":[{"name":"Тестироване создания новой сущности 'TEST_CASE'","uid":"d1afa9e03008a509","parentUid":"bd008134aca04601bd39f5a1bfdc2850","status":"failed","time":{"start":1690189252947,"stop":1690189263885,"duration":10938},"flaky":true,"newFailed":false,"newPassed":false,"newBroken":false,"retriesCount":0,"retriesStatusChange":false,"parameters":[]}],"uid":"bd008134aca04601bd39f5a1bfdc2850"},{"name":"Element not found {by tag: button; by text: Удалить}\nExpected: visible\nScreenshot: file:/home/runner/work/tms_automation/tms_automation/build/reports/tests/1690189274400.2.png\nPage source: file:/home/runner/work/tms_automation/tms_automation/build/reports/tests/1690189274400.2.html\nTimeout: 4 s.\nCaused by: NoSuchElementException: no such element: Unable to locate element: {\"method\":\"xpath\",\"selector\":\".//button/text()[normalize-space(translate(string(.), '","children":[{"name":"Тестироване создания новой сущности 'TEST_PLAN'","uid":"b1a323b852bbfaf6","parentUid":"9b2fc696fe510b48e2830a11fd83fb9c","status":"failed","time":{"start":1690189263921,"stop":1690189274696,"duration":10775},"flaky":false,"newFailed":false,"newPassed":false,"newBroken":false,"retriesCount":0,"retriesStatusChange":false,"parameters":[]}],"uid":"9b2fc696fe510b48e2830a11fd83fb9c"}],"uid":"8fb3a91ba5aaf9de24cc8a92edc82b5d"}],"name":"categories"}