{"uid":"4b4757e66a1912dae1a509f688f20b0f","children":[{"name":"Product defects","children":[{"name":"Element not found {by tag: button; by text: Удалить}\nExpected: visible\nScreenshot: file:/home/runner/work/tms_automation/tms_automation/build/reports/tests/1690121853713.0.png\nPage source: file:/home/runner/work/tms_automation/tms_automation/build/reports/tests/1690121853713.0.html\nTimeout: 4 s.\nCaused by: NoSuchElementException: no such element: Unable to locate element: {\"method\":\"xpath\",\"selector\":\".//button/text()[normalize-space(translate(string(.), '","children":[{"name":"Тестироване создания новой сущности 'MILESTONE'","uid":"be1aaa4b7eee6f80","parentUid":"325a124ea1d9b9e8e69ea796f5fec8c0","status":"failed","time":{"start":1690121840898,"stop":1690121854040,"duration":13142},"flaky":false,"newFailed":false,"newPassed":false,"newBroken":false,"retriesCount":0,"retriesStatusChange":false,"parameters":[]}],"uid":"325a124ea1d9b9e8e69ea796f5fec8c0"},{"name":"Element not found {by tag: button; by text: Удалить}\nExpected: visible\nScreenshot: file:/home/runner/work/tms_automation/tms_automation/build/reports/tests/1690121864963.1.png\nPage source: file:/home/runner/work/tms_automation/tms_automation/build/reports/tests/1690121864963.1.html\nTimeout: 4 s.\nCaused by: NoSuchElementException: no such element: Unable to locate element: {\"method\":\"xpath\",\"selector\":\".//button/text()[normalize-space(translate(string(.), '","children":[{"name":"Тестироване создания новой сущности 'TEST_CASE'","uid":"8ede003aed2eb268","parentUid":"b6ed89deb10ff179fb0e1b4330f80fdc","status":"failed","time":{"start":1690121854201,"stop":1690121865258,"duration":11057},"flaky":false,"newFailed":false,"newPassed":false,"newBroken":false,"retriesCount":0,"retriesStatusChange":false,"parameters":[]}],"uid":"b6ed89deb10ff179fb0e1b4330f80fdc"},{"name":"Element not found {by tag: button; by text: Удалить}\nExpected: visible\nScreenshot: file:/home/runner/work/tms_automation/tms_automation/build/reports/tests/1690121876285.2.png\nPage source: file:/home/runner/work/tms_automation/tms_automation/build/reports/tests/1690121876285.2.html\nTimeout: 4 s.\nCaused by: NoSuchElementException: no such element: Unable to locate element: {\"method\":\"xpath\",\"selector\":\".//button/text()[normalize-space(translate(string(.), '","children":[{"name":"Тестироване создания новой сущности 'TEST_PLAN'","uid":"a463b1fa058a8263","parentUid":"2061f4cbc768f71641016925331c4a41","status":"failed","time":{"start":1690121865317,"stop":1690121876567,"duration":11250},"flaky":false,"newFailed":false,"newPassed":false,"newBroken":false,"retriesCount":0,"retriesStatusChange":false,"parameters":[]}],"uid":"2061f4cbc768f71641016925331c4a41"}],"uid":"8fb3a91ba5aaf9de24cc8a92edc82b5d"}],"name":"categories"}